#
# There is insufficient memory for the Java Runtime Environment to continue.
# Native memory allocation (mmap) failed to map 127926272 bytes for Failed to commit area from 0x0000000086000000 to 0x000000008da00000 of length 127926272.
# Possible reasons:
#   The system is out of physical RAM or swap space
#   The process is running with CompressedOops enabled, and the Java Heap may be blocking the growth of the native heap
# Possible solutions:
#   Reduce memory load on the system
#   Increase physical memory or swap space
#   Check if swap backing store is full
#   Decrease Java heap size (-Xmx/-Xms)
#   Decrease number of Java threads
#   Decrease Java thread stack sizes (-Xss)
#   Set larger code cache with -XX:ReservedCodeCacheSize=
# This output file may be truncated or incomplete.
#
#  Out of Memory Error (./src/hotspot/os/windows/os_windows.cpp:3303), pid=21312, tid=22036
#
# JRE version:  (11.0.7+10) (build )
# Java VM: OpenJDK 64-Bit Server VM (11.0.7+10-b765.53, mixed mode, sharing, tiered, compressed oops, g1 gc, windows-amd64)
# No core dump will be written. Minidumps are not enabled by default on client versions of Windows
#

---------------  S U M M A R Y ------------

Command Line: org.jetbrains.git4idea.http.GitAskPassApp Username for 'https://github.com': 

Host: Intel(R) Core(TM) i7-7700HQ CPU @ 2.80GHz, 8 cores, 7G,  Windows 10 , 64 bit Build 18362 (10.0.18362.959)
Time: Tue Aug 11 15:46:21 2020 ?D1¨²¡À¨º¡Á?¨º¡À?? elapsed time: 0 seconds (0d 0h 0m 0s)

---------------  T H R E A D  ---------------

Current thread (0x00000288ae233000):  JavaThread "Unknown thread" [_thread_in_vm, id=22036, stack(0x000000c903300000,0x000000c903400000)]

Stack: [0x000000c903300000,0x000000c903400000]
Native frames: (J=compiled Java code, j=interpreted, Vv=VM code, C=native code)
V  [jvm.dll+0x5dda4a]
V  [jvm.dll+0x711595]
V  [jvm.dll+0x712aed]
V  [jvm.dll+0x7131a3]
V  [jvm.dll+0x23e368]
V  [jvm.dll+0x5daf04]
V  [jvm.dll+0x5d0085]
V  [jvm.dll+0x2fb0cb]
V  [jvm.dll+0x2fb03a]
V  [jvm.dll+0x2faf12]
V  [jvm.dll+0x2ffdf6]
V  [jvm.dll+0x348393]
V  [jvm.dll+0x348a96]
V  [jvm.dll+0x348493]
V  [jvm.dll+0x2d59e8]
V  [jvm.dll+0x2d6b87]
V  [jvm.dll+0x6f04e7]
V  [jvm.dll+0x6f1cdc]
V  [jvm.dll+0x355909]
V  [jvm.dll+0x6d42ae]
V  [jvm.dll+0x3bda13]
V  [jvm.dll+0x3bfc51]
C  [jli.dll+0x5363]
C  [ucrtbase.dll+0x20e82]
C  [KERNEL32.DLL+0x17bd4]
C  [ntdll.dll+0x6ce51]


---------------  P R O C E S S  ---------------

Threads class SMR info:
_java_thread_list=0x00000288ac15a060, length=0, elements={
}

Java Threads: ( => current thread )

Other Threads:
  0x00000288ae24c000 GCTaskThread "GC Thread#0" [stack: 0x000000c903400000,0x000000c903500000] [id=25364]
  0x00000288ae27b800 ConcurrentGCThread "G1 Main Marker" [stack: 0x000000c903500000,0x000000c903600000] [id=18500]
  0x00000288ae27d000 ConcurrentGCThread "G1 Conc#0" [stack: 0x000000c903600000,0x000000c903700000] [id=3584]

[error occurred during error reporting (printing all threads), id 0xc0000005, EXCEPTION_ACCESS_VIOLATION (0xc0000005) at pc=0x00007ff945865fc7]

VM state:not at safepoint (not fully initialized)

VM Mutex/Monitor currently owned by a thread:  ([mutex/lock_event])
[0x00000288ae230600] Heap_lock - owner thread: 0x00000288ae233000

Heap address: 0x0000000086000000, size: 1952 MB, Compressed Oops mode: Non-zero based: 0x0000000086000000
Narrow klass base: 0x0000000000000000, Narrow klass shift: 0

GC Heap History (0 events):
No events

Deoptimization events (0 events):
No events

Classes redefined (0 events):
No events

Internal exceptions (0 events):
No events

Events (2 events):
Event: 0.015 Loaded shared library D:\Jetbrains\apps\PyCharm-P\ch-0\201.7846.77\jbr\bin\zip.dll
Event: 0.016 Loaded shared library D:\Jetbrains\apps\PyCharm-P\ch-0\201.7846.77\jbr\bin\jimage.dll


Dynamic libraries:
0x00007ff79af40000 - 0x00007ff79af4a000 	D:\Jetbrains\apps\PyCharm-P\ch-0\201.7846.77\jbr\bin\java.exe
0x00007ff98c4e0000 - 0x00007ff98c6d0000 	C:\Windows\SYSTEM32\ntdll.dll
0x00007ff98b2d0000 - 0x00007ff98b382000 	C:\Windows\System32\KERNEL32.DLL
0x00007ff98a0b0000 - 0x00007ff98a354000 	C:\Windows\System32\KERNELBASE.dll
0x00007ff989e60000 - 0x00007ff989f5a000 	C:\Windows\System32\ucrtbase.dll
0x00007ff984460000 - 0x00007ff984477000 	D:\Jetbrains\apps\PyCharm-P\ch-0\201.7846.77\jbr\bin\VCRUNTIME140.dll
0x00007ff976320000 - 0x00007ff976339000 	D:\Jetbrains\apps\PyCharm-P\ch-0\201.7846.77\jbr\bin\jli.dll
0x00007ff98aaf0000 - 0x00007ff98ac84000 	C:\Windows\System32\USER32.dll
0x00007ff9896a0000 - 0x00007ff9896c1000 	C:\Windows\System32\win32u.dll
0x00007ff98b590000 - 0x00007ff98b5b6000 	C:\Windows\System32\GDI32.dll
0x00007ff965560000 - 0x00007ff9657e4000 	C:\Windows\WinSxS\amd64_microsoft.windows.common-controls_6595b64144ccf1df_6.0.18362.959_none_e6c7bbbf130c62bb\COMCTL32.dll
0x00007ff989500000 - 0x00007ff989696000 	C:\Windows\System32\gdi32full.dll
0x00007ff98b4f0000 - 0x00007ff98b58e000 	C:\Windows\System32\msvcrt.dll
0x00007ff98a490000 - 0x00007ff98a52e000 	C:\Windows\System32\msvcp_win.dll
0x00007ff98a7b0000 - 0x00007ff98aae5000 	C:\Windows\System32\combase.dll
0x00007ff98c2d0000 - 0x00007ff98c3f0000 	C:\Windows\System32\RPCRT4.dll
0x00007ff989480000 - 0x00007ff989500000 	C:\Windows\System32\bcryptPrimitives.dll
0x00007ff98b3f0000 - 0x00007ff98b41e000 	C:\Windows\System32\IMM32.DLL
0x00007ff91c1d0000 - 0x00007ff91c26d000 	D:\Jetbrains\apps\PyCharm-P\ch-0\201.7846.77\jbr\bin\msvcp140.dll
0x00007ff945580000 - 0x00007ff94603b000 	D:\Jetbrains\apps\PyCharm-P\ch-0\201.7846.77\jbr\bin\server\jvm.dll
0x00007ff98c3f0000 - 0x00007ff98c493000 	C:\Windows\System32\ADVAPI32.dll
0x00007ff98add0000 - 0x00007ff98ae67000 	C:\Windows\System32\sechost.dll
0x00007ff98a7a0000 - 0x00007ff98a7a8000 	C:\Windows\System32\PSAPI.DLL
0x00007ff975880000 - 0x00007ff975889000 	C:\Windows\SYSTEM32\WSOCK32.dll
0x00007ff9820e0000 - 0x00007ff9820ea000 	C:\Windows\SYSTEM32\VERSION.dll
0x00007ff985650000 - 0x00007ff985674000 	C:\Windows\SYSTEM32\WINMM.dll
0x00007ff98b080000 - 0x00007ff98b0ef000 	C:\Windows\System32\WS2_32.dll
0x00007ff985620000 - 0x00007ff98564d000 	C:\Windows\SYSTEM32\winmmbase.dll
0x00007ff98a360000 - 0x00007ff98a3aa000 	C:\Windows\System32\cfgmgr32.dll
0x00007ff9893a0000 - 0x00007ff9893b1000 	C:\Windows\System32\kernel.appcore.dll
0x00007ff962a40000 - 0x00007ff962a51000 	D:\Jetbrains\apps\PyCharm-P\ch-0\201.7846.77\jbr\bin\verify.dll
0x00007ff987cb0000 - 0x00007ff987ea4000 	C:\Windows\SYSTEM32\DBGHELP.DLL
0x00007ff969110000 - 0x00007ff96913a000 	C:\Windows\SYSTEM32\dbgcore.DLL
0x00007ff95ebf0000 - 0x00007ff95ec19000 	D:\Jetbrains\apps\PyCharm-P\ch-0\201.7846.77\jbr\bin\java.dll
0x00007ff962790000 - 0x00007ff9627a8000 	D:\Jetbrains\apps\PyCharm-P\ch-0\201.7846.77\jbr\bin\zip.dll
0x00007ff9796d0000 - 0x00007ff9796db000 	D:\Jetbrains\apps\PyCharm-P\ch-0\201.7846.77\jbr\bin\jimage.dll

dbghelp: loaded successfully - version: 4.0.5 - missing functions: none
symbol engine: initialized successfully - sym options: 0x614 - pdb path: .;D:\Jetbrains\apps\PyCharm-P\ch-0\201.7846.77\jbr\bin;C:\Windows\SYSTEM32;C:\Windows\WinSxS\amd64_microsoft.windows.common-controls_6595b64144ccf1df_6.0.18362.959_none_e6c7bbbf130c62bb;D:\Jetbrains\apps\PyCharm-P\ch-0\201.7846.77\jbr\bin\server

VM Arguments:
java_command: org.jetbrains.git4idea.http.GitAskPassApp Username for 'https://github.com': 
java_class_path (initial): D:/Jetbrains/apps/PyCharm-P/ch-0/201.7846.77/plugins/git4idea/lib/git4idea-rt.jar;D:/Jetbrains/apps/PyCharm-P/ch-0/201.7846.77/lib/xmlrpc-2.0.1.jar;D:/Jetbrains/apps/PyCharm-P/ch-0/201.7846.77/lib/commons-codec-1.14.jar;D:/Jetbrains/apps/PyCharm-P/ch-0/201.7846.77/lib/util.jar
Launcher Type: SUN_STANDARD

[Global flags]
     intx CICompilerCount                          = 4                                         {product} {ergonomic}
     uint ConcGCThreads                            = 2                                         {product} {ergonomic}
     uint G1ConcRefinementThreads                  = 8                                         {product} {ergonomic}
   size_t G1HeapRegionSize                         = 1048576                                   {product} {ergonomic}
    uintx GCDrainStackTargetSize                   = 64                                        {product} {ergonomic}
   size_t InitialHeapSize                          = 127926272                                 {product} {ergonomic}
   size_t MarkStackSize                            = 4194304                                   {product} {ergonomic}
   size_t MaxHeapSize                              = 2046820352                                {product} {ergonomic}
   size_t MinHeapDeltaBytes                        = 1048576                                   {product} {ergonomic}
    uintx NonNMethodCodeHeapSize                   = 5836300                                {pd product} {ergonomic}
    uintx NonProfiledCodeHeapSize                  = 122910970                              {pd product} {ergonomic}
    uintx ProfiledCodeHeapSize                     = 122910970                              {pd product} {ergonomic}
    uintx ReservedCodeCacheSize                    = 251658240                              {pd product} {ergonomic}
     bool SegmentedCodeCache                       = true                                      {product} {ergonomic}
     bool UseCompressedClassPointers               = true                                 {lp64_product} {ergonomic}
     bool UseCompressedOops                        = true                                 {lp64_product} {ergonomic}
     bool UseG1GC                                  = true                                      {product} {ergonomic}
     bool UseLargePagesIndividualAllocation        = false                                  {pd product} {ergonomic}

Logging:
Log output configuration:
 #0: stdout all=warning uptime,level,tags
 #1: stderr all=off uptime,level,tags

Environment Variables:
JAVA_HOME=D:\Java\jdk1.8.0_131
PATH=D:\Git\Git\mingw64\libexec\git-core;D:\Git\Git\mingw64\libexec\git-core;D:\Git\Git\mingw64\bin;D:\Git\Git\usr\bin;C:\Users\86188\bin;D:\nodejs;C:\Python38\Scripts;C:\Python38;C:\Program Files (x86)\Common Files\Intel\Shared Libraries\redist\intel64\compiler;C:\Program Files (x86)\Common Files\Oracle\Java\javapath;D:\sqlite3;D:\CUDA\bin;D:\CUDA\libnvvp;D:\Java\jdk1.8.0_131\bin;C:\ProgramData\Oracle\Java\javapath;C:\Program Files (x86)\NVIDIA Corporation\PhysX\Common;C:\Windows\system32;C:\Windows;C:\Windows\System32\Wbem;C:\Windows\System32\WindowsPowerShell\v1.0;C:\Windows\System32\OpenSSH;D:\Go\bin;C:\Program Files\Microsoft SQL Server\Client SDK\ODBC\110\Tools\Binn;C:\Program Files (x86)\Microsoft SQL Server\120\Tools\Binn;C:\Program Files\Microsoft SQL Server\120\Tools\Binn;C:\Program Files\Microsoft SQL Server\120\DTS\Binn;C:\Program Files (x86)\Windows Kits\8.1\Windows Performance Toolkit;D:\MySQL\bin;C:\Program Files\NVIDIA Corporation\NVIDIA NvDLISR;D:\cudnn\cuda\bin;C:\ProgramData\chocolatey\bin;D:\Program Files\nodejs\node_global;C:\Program Files (x86)\Windows Kits\10\Windows Performance Toolkit;D:\Git\Git\cmd;D:\nodejs;C:\Users\86188\AppData\Local\Programs\Python\Python38\Scripts;C:\Users\86188\AppData\Local\Programs\Python\Python38;D:\Python\Python38\Scripts;D:\Python\Python38;D:\Python\Scripts;D:\Python;D:\MiniConda;D:\MiniConda\Library\mingw-w64\bin;D:\MiniConda\Library\usr\bin;D:\MiniConda\Library\bin;D:\MiniConda\Scripts;C:\Users\86188\AppData\Local\Microsoft\WindowsApps;C:\Users\86188\go\bin;D:\SSH Communications Security\SSH Secure Shell;C:\Users\86188\AppData\Roaming\npm
USERNAME=86188
DISPLAY=:0.0
OS=Windows_NT
PROCESSOR_IDENTIFIER=Intel64 Family 6 Model 158 Stepping 9, GenuineIntel



---------------  S Y S T E M  ---------------

OS: Windows 10 , 64 bit Build 18362 (10.0.18362.959)
OS uptime: 0 days 23:44 hours

CPU:total 8 (initial active 8) (4 cores per cpu, 2 threads per core) family 6 model 158 stepping 9, cmov, cx8, fxsr, mmx, sse, sse2, sse3, ssse3, sse4.1, sse4.2, popcnt, avx, avx2, aes, clmul, erms, 3dnowpref, lzcnt, ht, tsc, tscinvbit, bmi1, bmi2, adx, fma

Memory: 4k page, system-wide physical 7804M (406M free)
TotalPageFile size 22994M (AvailPageFile size 81M)
current process WorkingSet (physical memory assigned to process): 10M, peak: 10M
current process commit charge ("private bytes"): 60M, peak: 182M

vm_info: OpenJDK 64-Bit Server VM (11.0.7+10-b765.53) for windows-amd64 JRE (11.0.7+10-b765.53), built on May 12 2020 04:38:25 by "" with MS VC++ 14.0 (VS2015)

END.
